[debug] [2024-04-25T08:32:02.020Z] ----------------------------------------------------------------------
[debug] [2024-04-25T08:32:02.030Z] Command:       C:\Program Files\nodejs\node.exe C:\Users\nunth\Downloads\GitActionPractice-main\TestGitHubActionPractice\node_modules\firebase-tools\lib\bin\firebase.js init hosting:github
[debug] [2024-04-25T08:32:02.031Z] CLI Version:   13.7.4
[debug] [2024-04-25T08:32:02.031Z] Platform:      win32
[debug] [2024-04-25T08:32:02.031Z] Node Version:  v20.11.1
[debug] [2024-04-25T08:32:02.032Z] Time:          Thu Apr 25 2024 15:32:02 GMT+0700 (Indochina Time)
[debug] [2024-04-25T08:32:02.032Z] ----------------------------------------------------------------------
[debug] 
[debug] [2024-04-25T08:32:02.121Z] > command requires scopes: ["email","openid","https://www.googleapis.com/auth/cloudplatformprojects.readonly","https://www.googleapis.com/auth/firebase","https://www.googleapis.com/auth/cloud-platform"]
[debug] [2024-04-25T08:32:02.121Z] > authorizing via signed-in user (6633164521@student.chula.ac.th)
[info] 
     ######## #### ########  ######## ########     ###     ######  ########
     ##        ##  ##     ## ##       ##     ##  ##   ##  ##       ##
     ######    ##  ########  ######   ########  #########  ######  ######
     ##        ##  ##    ##  ##       ##     ## ##     ##       ## ##
     ##       #### ##     ## ######## ########  ##     ##  ######  ########

You're about to initialize a Firebase project in this directory:

  C:\Users\nunth\Downloads\GitActionPractice-main\TestGitHubActionPractice

Before we get started, keep in mind:

  * You are initializing within an existing Firebase project directory

[info] 
=== Project Setup
[info] 
[info] First, let's associate this project directory with a Firebase project.
[info] You can create multiple project aliases by running firebase use --add, 
[info] but for now we'll just set up a default project.
[info] 
[debug] [2024-04-25T08:32:02.156Z] Using project from CLI flag: maiproject-faa67
[debug] [2024-04-25T08:32:02.158Z] > refreshing access token with scopes: []
[debug] [2024-04-25T08:32:02.159Z] >>> [apiv2][query] POST https://www.googleapis.com/oauth2/v3/token [none]
[debug] [2024-04-25T08:32:02.160Z] >>> [apiv2][body] POST https://www.googleapis.com/oauth2/v3/token [omitted]
[debug] [2024-04-25T08:32:02.422Z] <<< [apiv2][status] POST https://www.googleapis.com/oauth2/v3/token 200
[debug] [2024-04-25T08:32:02.423Z] <<< [apiv2][body] POST https://www.googleapis.com/oauth2/v3/token [omitted]
[debug] [2024-04-25T08:32:02.431Z] >>> [apiv2][query] GET https://firebase.googleapis.com/v1beta1/projects/maiproject-faa67 [none]
[debug] [2024-04-25T08:32:02.868Z] <<< [apiv2][status] GET https://firebase.googleapis.com/v1beta1/projects/maiproject-faa67 403
[debug] [2024-04-25T08:32:02.869Z] <<< [apiv2][body] GET https://firebase.googleapis.com/v1beta1/projects/maiproject-faa67 {"error":{"code":403,"message":"The caller does not have permission","status":"PERMISSION_DENIED"}}
[debug] [2024-04-25T08:32:02.870Z] HTTP Error: 403, The caller does not have permission
[debug] [2024-04-25T08:32:02.986Z] FirebaseError: HTTP Error: 403, The caller does not have permission
    at responseToError (C:\Users\nunth\Downloads\GitActionPractice-main\TestGitHubActionPractice\node_modules\firebase-tools\lib\responseToError.js:49:12)
    at RetryOperation._fn (C:\Users\nunth\Downloads\GitActionPractice-main\TestGitHubActionPractice\node_modules\firebase-tools\lib\apiv2.js:299:77)
    at process.processTicksAndRejections (node:internal/process/task_queues:95:5)
[error] 
[error] Error: Failed to get Firebase project maiproject-faa67. Please make sure the project exists and your account has permission to access it.
